<?xml version="1.0" encoding="utf-8" standalone="no"?>
<test-run id="0" runstate="Runnable" testcasecount="1" result="Passed" total="1" passed="1" failed="0" inconclusive="0" skipped="0" asserts="1" engine-version="3.11.1.0" clr-version="4.0.30319.42000" start-time="2020-12-03 18:57:48Z" end-time="2020-12-03 18:57:49Z" duration="0.432569">
  <command-line><![CDATA[nunit3-console.exe ./NUnitTestProject1/bin/Debug/net472/NUnitTestProject1.dll]]></command-line>
  <test-suite type="Assembly" id="0-1002" name="NUnitTestProject1.dll" fullname="D:\sources\NUnitTests\NUnitTestProject1\bin\Debug\net472\NUnitTestProject1.dll" runstate="Runnable" testcasecount="1" result="Passed" start-time="2020-12-03 18:57:49Z" end-time="2020-12-03 18:57:49Z" duration="0.036475" total="1" passed="1" failed="0" warnings="0" inconclusive="0" skipped="0" asserts="1">
    <environment framework-version="3.12.0.0" clr-version="4.0.30319.42000" os-version="Microsoft Windows NT 10.0.19041.0" platform="Win32NT" cwd="D:\sources\NUnitTests" machine-name="MICHAEL2020" user="mich" user-domain="MICHAEL2020" culture="de-DE" uiculture="en-US" os-architecture="x64" />
    <settings>
      <setting name="DisposeRunners" value="True" />
      <setting name="WorkDirectory" value="D:\sources\NUnitTests" />
      <setting name="ImageRuntimeVersion" value="4.0.30319" />
      <setting name="ImageTargetFrameworkName" value=".NETFramework,Version=v4.7.2" />
      <setting name="ImageRequiresX86" value="False" />
      <setting name="ImageRequiresDefaultAppDomainAssemblyResolver" value="False" />
      <setting name="RuntimeFramework" value="net-4.0" />
      <setting name="NumberOfTestWorkers" value="20" />
    </settings>
    <properties>
      <property name="_PID" value="13160" />
      <property name="_APPDOMAIN" value="domain-" />
    </properties>
    <test-suite type="TestSuite" id="0-1003" name="NUnitTestProject1" fullname="NUnitTestProject1" runstate="Runnable" testcasecount="1" result="Passed" start-time="2020-12-03 18:57:49Z" end-time="2020-12-03 18:57:49Z" duration="0.022745" total="1" passed="1" failed="0" warnings="0" inconclusive="0" skipped="0" asserts="1">
      <test-suite type="TestFixture" id="0-1000" name="Tests" fullname="NUnitTestProject1.Tests" classname="NUnitTestProject1.Tests" runstate="Runnable" testcasecount="1" result="Passed" start-time="2020-12-03 18:57:49Z" end-time="2020-12-03 18:57:49Z" duration="0.019857" total="1" passed="1" failed="0" warnings="0" inconclusive="0" skipped="0" asserts="1">
        <test-case id="0-1001" name="Test1" fullname="NUnitTestProject1.Tests.Test1" methodname="Test1" classname="NUnitTestProject1.Tests" runstate="Runnable" seed="1957810044" result="Passed" start-time="2020-12-03 18:57:49Z" end-time="2020-12-03 18:57:49Z" duration="0.012410" asserts="1" />
      </test-suite>
    </test-suite>
  </test-suite>
</test-run>